<?xml version="1.0" encoding="UTF-8"?>
<!-- Generated by org.testng.reporters.JUnitReportReporter -->
<testsuite skipped="0" hostname="DESKTOP-CKK8A56" name="com.pack.testngdemo.TestNGDemoPart1" tests="3" failures="0" timestamp="8 Jan 2022 07:13:57 GMT" time="3.013" errors="0">
  <testcase name="testcase001111" time="1.011" classname="com.pack.testngdemo.TestNGDemoPart1"/>
  <testcase name="testcase0022222" time="1.002" classname="com.pack.testngdemo.TestNGDemoPart1"/>
  <testcase name="testcase003333" time="1.000" classname="com.pack.testngdemo.TestNGDemoPart1"/>
</testsuite> <!-- com.pack.testngdemo.TestNGDemoPart1 -->
