<?xml version="1.0" encoding="UTF-8"?>
<!-- Generated by org.testng.reporters.JUnitReportReporter -->
<testsuite skipped="0" hostname="DESKTOP-CKK8A56" name="com.pack.testngdemo.TestNGDemo" tests="3" failures="0" timestamp="8 Jan 2022 07:13:57 GMT" time="0.013" errors="0">
  <testcase name="m1" time="0.002" classname="com.pack.testngdemo.TestNGDemo"/>
  <testcase name="m3" time="0.002" classname="com.pack.testngdemo.TestNGDemo"/>
  <testcase name="m2" time="0.009" classname="com.pack.testngdemo.TestNGDemo"/>
</testsuite> <!-- com.pack.testngdemo.TestNGDemo -->
