<?xml version="1.0" encoding="UTF-8"?>
<!-- Generated by org.testng.reporters.JUnitReportReporter -->
<testsuite skipped="0" hostname="DESKTOP-CKK8A56" name="com.pack.testngdemo.TestngAnnotations" tests="20" failures="0" timestamp="8 Jan 2022 06:55:54 GMT" time="1.032" errors="0">
  <testcase name="test1" time="0.050" classname="com.pack.testngdemo.TestngAnnotations"/>
  <testcase name="test1" time="0.003" classname="com.pack.testngdemo.TestngAnnotations"/>
  <testcase name="test1" time="0.003" classname="com.pack.testngdemo.TestngAnnotations"/>
  <testcase name="test1" time="0.049" classname="com.pack.testngdemo.TestngAnnotations"/>
  <testcase name="test1" time="0.012" classname="com.pack.testngdemo.TestngAnnotations"/>
  <testcase name="test1" time="0.123" classname="com.pack.testngdemo.TestngAnnotations"/>
  <testcase name="test1" time="0.110" classname="com.pack.testngdemo.TestngAnnotations"/>
  <testcase name="test1" time="0.083" classname="com.pack.testngdemo.TestngAnnotations"/>
  <testcase name="test1" time="0.011" classname="com.pack.testngdemo.TestngAnnotations"/>
  <testcase name="test1" time="0.115" classname="com.pack.testngdemo.TestngAnnotations"/>
  <testcase name="test1" time="0.088" classname="com.pack.testngdemo.TestngAnnotations"/>
  <testcase name="test1" time="0.127" classname="com.pack.testngdemo.TestngAnnotations"/>
  <testcase name="test1" time="0.008" classname="com.pack.testngdemo.TestngAnnotations"/>
  <testcase name="test1" time="0.003" classname="com.pack.testngdemo.TestngAnnotations"/>
  <testcase name="test1" time="0.058" classname="com.pack.testngdemo.TestngAnnotations"/>
  <testcase name="test1" time="0.004" classname="com.pack.testngdemo.TestngAnnotations"/>
  <testcase name="test1" time="0.054" classname="com.pack.testngdemo.TestngAnnotations"/>
  <testcase name="test1" time="0.060" classname="com.pack.testngdemo.TestngAnnotations"/>
  <testcase name="test1" time="0.038" classname="com.pack.testngdemo.TestngAnnotations"/>
  <testcase name="test1" time="0.033" classname="com.pack.testngdemo.TestngAnnotations"/>
</testsuite> <!-- com.pack.testngdemo.TestngAnnotations -->
