<?xml version="1.0" encoding="UTF-8"?>
<!-- Generated by org.testng.reporters.JUnitReportReporter -->
<testsuite skipped="0" hostname="DESKTOP-CKK8A56" name="com.pack.testngdemo.TestngAnnotations4" tests="5" failures="0" timestamp="8 Jan 2022 06:11:07 GMT" time="5.023" errors="0">
  <testcase name="test2" time="0.002" classname="com.pack.testngdemo.TestngAnnotations4"/>
  <testcase name="test1" time="5.015" classname="com.pack.testngdemo.TestngAnnotations4"/>
  <testcase name="test4" time="0.002" classname="com.pack.testngdemo.TestngAnnotations4"/>
  <testcase name="test3" time="0.002" classname="com.pack.testngdemo.TestngAnnotations4"/>
  <testcase name="test5" time="0.002" classname="com.pack.testngdemo.TestngAnnotations4"/>
</testsuite> <!-- com.pack.testngdemo.TestngAnnotations4 -->
