<?xml version="1.0" encoding="UTF-8"?>
<!-- Generated by org.testng.reporters.JUnitReportReporter -->
<testsuite skipped="0" hostname="DESKTOP-CKK8A56" name="com.pack.testngdemo.TestNGDemo2" tests="2" failures="0" timestamp="8 Jan 2022 05:57:03 GMT" time="0.027" errors="0">
  <testcase name="t2" time="0.004" classname="com.pack.testngdemo.TestNGDemo2"/>
  <testcase name="t1" time="0.023" classname="com.pack.testngdemo.TestNGDemo2"/>
</testsuite> <!-- com.pack.testngdemo.TestNGDemo2 -->
